{"level":"info","message":"Server running on port 3050 in development mode","timestamp":"2025-05-10T09:01:08.369Z"}
{"level":"info","message":"MongoDB connected successfully","timestamp":"2025-05-10T09:01:08.957Z"}
{"level":"info","message":"Server running on port 3050 in development mode","timestamp":"2025-05-10T09:01:27.792Z"}
{"level":"info","message":"MongoDB connected successfully","timestamp":"2025-05-10T09:01:28.357Z"}
{"level":"info","message":"Server running on port 3050 in development mode","timestamp":"2025-05-10T09:01:40.371Z"}
{"level":"info","message":"MongoDB connected successfully","timestamp":"2025-05-10T09:01:41.934Z"}
{"level":"info","message":"Server running on port 3050 in development mode","timestamp":"2025-05-10T09:01:48.934Z"}
{"level":"info","message":"MongoDB connected successfully","timestamp":"2025-05-10T09:01:49.453Z"}
{"level":"info","message":"Server running on port 3050 in development mode","timestamp":"2025-05-10T09:05:19.247Z"}
{"level":"info","message":"MongoDB connected successfully","timestamp":"2025-05-10T09:05:19.792Z"}
{"level":"info","message":"Server running on port 3050 in development mode","timestamp":"2025-05-10T09:06:11.136Z"}
{"level":"info","message":"MongoDB connected successfully","timestamp":"2025-05-10T09:06:11.704Z"}
{"level":"info","message":"Server running on port 3050 in development mode","timestamp":"2025-05-10T09:08:11.933Z"}
{"level":"info","message":"MongoDB connected successfully","timestamp":"2025-05-10T09:08:12.612Z"}
{"level":"info","message":"Server running on port 3050 in development mode","timestamp":"2025-05-10T09:13:53.960Z"}
{"level":"info","message":"MongoDB connected successfully","timestamp":"2025-05-10T09:13:55.636Z"}
{"level":"info","message":"Server running on port 3050 in development mode","timestamp":"2025-05-10T09:14:11.938Z"}
{"level":"info","message":"MongoDB connected successfully","timestamp":"2025-05-10T09:14:12.532Z"}
{"level":"info","message":"Server running on port 3050 in development mode","timestamp":"2025-05-10T09:21:36.059Z"}
{"level":"info","message":"MongoDB connected successfully","timestamp":"2025-05-10T09:21:36.721Z"}
{"level":"info","message":"Server running on port 3050 in development mode","timestamp":"2025-05-10T09:22:10.468Z"}
{"level":"info","message":"MongoDB connected successfully","timestamp":"2025-05-10T09:22:11.164Z"}
{"level":"info","message":"Server running on port 3050 in development mode","timestamp":"2025-05-10T09:23:49.450Z"}
{"level":"info","message":"MongoDB connected successfully","timestamp":"2025-05-10T09:23:50.031Z"}
{"level":"info","message":"Server running on port 3050 in development mode","timestamp":"2025-05-10T09:25:34.379Z"}
{"level":"info","message":"MongoDB connected successfully","timestamp":"2025-05-10T09:25:34.962Z"}
{"level":"info","message":"Server running on port 3050 in development mode","timestamp":"2025-05-10T09:26:11.870Z"}
{"level":"info","message":"MongoDB connected successfully","timestamp":"2025-05-10T09:26:12.425Z"}
{"level":"info","message":"Server running on port 3050 in development mode","timestamp":"2025-05-10T09:26:54.180Z"}
{"level":"info","message":"MongoDB connected successfully","timestamp":"2025-05-10T09:26:54.782Z"}
{"level":"info","message":"Server running on port 3050 in development mode","timestamp":"2025-05-10T09:27:18.262Z"}
{"level":"info","message":"MongoDB connected successfully","timestamp":"2025-05-10T09:27:18.824Z"}
{"level":"info","message":"Server running on port 3050 in development mode","timestamp":"2025-05-10T09:27:45.480Z"}
{"level":"info","message":"MongoDB connected successfully","timestamp":"2025-05-10T09:27:46.046Z"}
{"level":"info","message":"Server running on port 3050 in development mode","timestamp":"2025-05-10T09:28:34.132Z"}
{"level":"info","message":"MongoDB connected successfully","timestamp":"2025-05-10T09:28:34.708Z"}
{"level":"info","message":"Server running on port 3050 in development mode","timestamp":"2025-05-10T12:46:30.075Z"}
{"level":"info","message":"MongoDB connected successfully","timestamp":"2025-05-10T12:46:30.552Z"}
{"level":"info","message":"Server running on port 3050 in development mode","timestamp":"2025-05-10T13:08:26.176Z"}
{"level":"info","message":"MongoDB connected successfully","timestamp":"2025-05-10T13:08:26.831Z"}
{"level":"info","message":"Server running on port 3050 in development mode","timestamp":"2025-05-10T13:09:56.733Z"}
{"level":"info","message":"MongoDB connected successfully","timestamp":"2025-05-10T13:09:58.304Z"}
{"level":"info","message":"Server running on port 3050 in development mode","timestamp":"2025-05-10T13:10:13.404Z"}
{"level":"info","message":"MongoDB connected successfully","timestamp":"2025-05-10T13:10:14.999Z"}
{"level":"info","message":"Server running on port 3050 in development mode","timestamp":"2025-05-10T13:14:14.100Z"}
{"level":"info","message":"MongoDB connected successfully","timestamp":"2025-05-10T13:14:14.769Z"}
{"level":"info","message":"Server running on port 3050 in development mode","timestamp":"2025-05-10T13:14:53.715Z"}
{"level":"info","message":"MongoDB connected successfully","timestamp":"2025-05-10T13:14:54.460Z"}
{"level":"info","message":"Server running on port 3050 in development mode","timestamp":"2025-05-10T13:15:17.729Z"}
{"level":"info","message":"MongoDB connected successfully","timestamp":"2025-05-10T13:15:18.615Z"}
{"level":"info","message":"Server running on port 3050 in development mode","timestamp":"2025-05-10T13:48:02.792Z"}
{"level":"info","message":"MongoDB connected successfully","timestamp":"2025-05-10T13:48:03.445Z"}
{"level":"info","message":"Server running on port 3050 in development mode","timestamp":"2025-05-10T13:48:36.326Z"}
{"level":"info","message":"MongoDB connected successfully","timestamp":"2025-05-10T13:48:37.111Z"}
{"level":"info","message":"Server running on port 3050 in development mode","timestamp":"2025-05-10T13:48:44.558Z"}
{"level":"info","message":"MongoDB connected successfully","timestamp":"2025-05-10T13:48:45.258Z"}
{"level":"info","message":"Server running on port 3050 in development mode","timestamp":"2025-05-10T13:52:29.839Z"}
{"level":"info","message":"MongoDB connected successfully","timestamp":"2025-05-10T13:52:31.023Z"}
{"level":"info","message":"Server running on port 3050 in development mode","timestamp":"2025-05-10T13:53:20.088Z"}
{"level":"info","message":"MongoDB connected successfully","timestamp":"2025-05-10T13:53:21.797Z"}
{"level":"info","message":"Server running on port 3050 in development mode","timestamp":"2025-05-10T13:55:56.172Z"}
{"level":"info","message":"MongoDB connected successfully","timestamp":"2025-05-10T13:55:56.753Z"}
{"level":"info","message":"Server running on port 3050 in development mode","timestamp":"2025-05-10T13:57:46.284Z"}
{"level":"info","message":"MongoDB connected successfully","timestamp":"2025-05-10T13:57:46.937Z"}
{"level":"info","message":"Server running on port 3050 in development mode","timestamp":"2025-05-10T13:58:50.135Z"}
{"level":"info","message":"MongoDB connected successfully","timestamp":"2025-05-10T13:58:50.875Z"}
{"level":"info","message":"Server running on port 3050 in development mode","timestamp":"2025-05-10T13:59:21.415Z"}
{"level":"info","message":"MongoDB connected successfully","timestamp":"2025-05-10T13:59:22.111Z"}
{"level":"info","message":"Server running on port 3050 in development mode","timestamp":"2025-05-10T14:04:49.228Z"}
{"level":"info","message":"MongoDB connected successfully","timestamp":"2025-05-10T14:04:50.249Z"}
{"level":"info","message":"Server running on port 3050 in development mode","timestamp":"2025-05-10T14:05:20.722Z"}
{"level":"info","message":"MongoDB connected successfully","timestamp":"2025-05-10T14:05:22.629Z"}
{"level":"info","message":"Server running on port 3050 in development mode","timestamp":"2025-05-10T14:07:33.083Z"}
{"level":"info","message":"MongoDB connected successfully","timestamp":"2025-05-10T14:07:33.763Z"}
{"level":"info","message":"Server running on port 3050 in development mode","timestamp":"2025-05-10T14:08:14.185Z"}
{"level":"info","message":"MongoDB connected successfully","timestamp":"2025-05-10T14:08:15.012Z"}
{"level":"info","message":"Server running on port 3050 in development mode","timestamp":"2025-05-10T14:10:00.119Z"}
{"level":"info","message":"MongoDB connected successfully","timestamp":"2025-05-10T14:10:01.492Z"}
{"level":"info","message":"Server running on port 3050 in development mode","timestamp":"2025-05-10T14:10:58.651Z"}
{"level":"info","message":"MongoDB connected successfully","timestamp":"2025-05-10T14:10:59.284Z"}
{"level":"info","message":"Server running on port 3050 in development mode","timestamp":"2025-05-10T14:12:18.780Z"}
{"level":"info","message":"MongoDB connected successfully","timestamp":"2025-05-10T14:12:19.557Z"}
{"level":"info","message":"Server running on port 3050 in development mode","timestamp":"2025-05-10T14:14:42.417Z"}
{"level":"info","message":"MongoDB connected successfully","timestamp":"2025-05-10T14:14:43.393Z"}
{"level":"info","message":"Server running on port 3050 in development mode","timestamp":"2025-05-10T14:14:55.629Z"}
{"level":"info","message":"MongoDB connected successfully","timestamp":"2025-05-10T14:14:57.048Z"}
{"level":"info","message":"Server running on port 3050 in development mode","timestamp":"2025-05-10T14:16:28.217Z"}
{"level":"info","message":"MongoDB connected successfully","timestamp":"2025-05-10T14:16:29.018Z"}
{"level":"info","message":"Server running on port 3050 in development mode","timestamp":"2025-05-10T14:18:12.303Z"}
{"level":"info","message":"MongoDB connected successfully","timestamp":"2025-05-10T14:18:13.298Z"}
{"level":"info","message":"Server running on port 3050 in development mode","timestamp":"2025-05-10T14:18:47.812Z"}
{"level":"info","message":"MongoDB connected successfully","timestamp":"2025-05-10T14:18:50.359Z"}
{"level":"info","message":"Server running on port 3050 in development mode","timestamp":"2025-05-10T14:20:30.613Z"}
{"level":"info","message":"MongoDB connected successfully","timestamp":"2025-05-10T14:20:31.722Z"}
{"level":"info","message":"Server running on port 3050 in development mode","timestamp":"2025-05-10T14:20:34.125Z"}
{"level":"info","message":"MongoDB connected successfully","timestamp":"2025-05-10T14:20:35.045Z"}
{"level":"info","message":"Server running on port 3050 in development mode","timestamp":"2025-05-10T14:21:32.650Z"}
{"level":"info","message":"MongoDB connected successfully","timestamp":"2025-05-10T14:21:33.813Z"}
{"level":"info","message":"Server running on port 3050 in development mode","timestamp":"2025-05-10T14:22:34.083Z"}
{"level":"info","message":"MongoDB connected successfully","timestamp":"2025-05-10T14:22:35.333Z"}
{"level":"info","message":"Server running on port 3050 in production mode","timestamp":"2025-05-10T15:05:50.782Z"}
{"level":"info","message":"MongoDB connected successfully","timestamp":"2025-05-10T15:05:51.501Z"}
{"level":"info","message":"Server running on port 3050 in production mode","timestamp":"2025-05-10T15:26:53.655Z"}
{"level":"info","message":"MongoDB connected successfully","timestamp":"2025-05-10T15:26:54.689Z"}
{"level":"info","message":"Server running on port 3050 in production mode","timestamp":"2025-05-10T15:36:31.208Z"}
{"level":"info","message":"MongoDB connected successfully","timestamp":"2025-05-10T15:36:31.905Z"}
{"level":"info","message":"Server running on port 3050 in production mode","timestamp":"2025-05-16T06:29:58.205Z"}
{"level":"info","message":"MongoDB connected successfully","timestamp":"2025-05-16T06:29:58.717Z"}
{"level":"info","message":"Server running on port 3050 in production mode","timestamp":"2025-05-16T06:32:11.814Z"}
{"level":"info","message":"MongoDB connected successfully","timestamp":"2025-05-16T06:32:12.399Z"}
{"level":"info","message":"Server running on port 3050 in production mode","timestamp":"2025-05-16T06:32:18.161Z"}
{"level":"info","message":"MongoDB connected successfully","timestamp":"2025-05-16T06:32:18.661Z"}
{"level":"info","message":"Server running on port 3050 in production mode","timestamp":"2025-05-16T06:32:31.707Z"}
{"level":"info","message":"Server running on port 3050 in production mode","timestamp":"2025-05-16T06:32:32.982Z"}
{"level":"info","message":"MongoDB connected successfully","timestamp":"2025-05-16T06:32:33.557Z"}
{"level":"info","message":"Server running on port 3050 in production mode","timestamp":"2025-05-16T06:33:22.299Z"}
{"level":"info","message":"MongoDB connected successfully","timestamp":"2025-05-16T06:33:22.882Z"}
{"level":"info","message":"Server running on port 3050 in production mode","timestamp":"2025-05-16T06:34:48.001Z"}
{"level":"info","message":"MongoDB connected successfully","timestamp":"2025-05-16T06:34:48.546Z"}
{"level":"info","message":"Server running on port 3050 in production mode","timestamp":"2025-05-16T06:34:53.730Z"}
{"level":"info","message":"MongoDB connected successfully","timestamp":"2025-05-16T06:34:54.236Z"}
{"level":"info","message":"Server running on port 3050 in production mode","timestamp":"2025-05-16T06:35:27.750Z"}
{"level":"info","message":"MongoDB connected successfully","timestamp":"2025-05-16T06:35:28.257Z"}
{"level":"info","message":"Server running on port 3050 in production mode","timestamp":"2025-05-16T06:35:30.351Z"}
{"level":"info","message":"MongoDB connected successfully","timestamp":"2025-05-16T06:35:30.829Z"}
{"level":"info","message":"Server running on port 3050 in production mode","timestamp":"2025-05-16T07:09:28.960Z"}
{"level":"info","message":"MongoDB connected successfully","timestamp":"2025-05-16T07:09:29.575Z"}
{"level":"info","message":"Server running on port 3050 in production mode","timestamp":"2025-05-16T07:19:47.941Z"}
{"level":"info","message":"MongoDB connected successfully","timestamp":"2025-05-16T07:19:48.518Z"}
{"level":"info","message":"Server running on port 3050 in production mode","timestamp":"2025-05-16T07:24:07.659Z"}
{"level":"info","message":"MongoDB connected successfully","timestamp":"2025-05-16T07:24:08.584Z"}
{"level":"info","message":"Server running on port 3050 in production mode","timestamp":"2025-05-16T07:24:29.163Z"}
{"level":"info","message":"MongoDB connected successfully","timestamp":"2025-05-16T07:24:29.796Z"}
{"level":"info","message":"Server running on port 3050 in production mode","timestamp":"2025-05-16T07:25:06.143Z"}
{"level":"info","message":"MongoDB connected successfully","timestamp":"2025-05-16T07:25:07.810Z"}
{"level":"info","message":"Server running on port 3050 in production mode","timestamp":"2025-05-16T07:46:16.358Z"}
{"level":"info","message":"MongoDB connected successfully","timestamp":"2025-05-16T07:46:17.054Z"}
{"level":"info","message":"Server running on port 3050 in production mode","timestamp":"2025-05-16T08:00:22.690Z"}
{"level":"info","message":"MongoDB connected successfully","timestamp":"2025-05-16T08:00:23.333Z"}
{"level":"info","message":"Server running on port 3050 in production mode","timestamp":"2025-05-16T08:00:59.995Z"}
{"level":"info","message":"MongoDB connected successfully","timestamp":"2025-05-16T08:01:00.575Z"}
{"level":"info","message":"Server running on port 3050 in production mode","timestamp":"2025-05-16T08:02:30.290Z"}
{"level":"info","message":"MongoDB connected successfully","timestamp":"2025-05-16T08:02:31.795Z"}
{"level":"info","message":"Server running on port 3050 in production mode","timestamp":"2025-05-16T08:11:13.179Z"}
{"level":"info","message":"MongoDB connected successfully","timestamp":"2025-05-16T08:11:13.821Z"}
{"level":"info","message":"Server running on port 3050 in production mode","timestamp":"2025-05-16T09:18:06.072Z"}
{"level":"info","message":"MongoDB connected successfully","timestamp":"2025-05-16T09:18:08.029Z"}
{"level":"info","message":"Server running on port 3050 in production mode","timestamp":"2025-05-16T09:48:25.898Z"}
{"level":"info","message":"MongoDB connected successfully","timestamp":"2025-05-16T09:48:27.550Z"}
{"level":"info","message":"Server running on port 3050 in production mode","timestamp":"2025-05-16T09:48:51.228Z"}
{"level":"info","message":"MongoDB connected successfully","timestamp":"2025-05-16T09:48:53.105Z"}
{"level":"info","message":"Server running on port 3050 in production mode","timestamp":"2025-05-16T10:58:55.894Z"}
{"level":"info","message":"MongoDB connected successfully","timestamp":"2025-05-16T10:58:56.695Z"}
{"level":"info","message":"Server running on port 3050 in production mode","timestamp":"2025-05-16T10:59:29.210Z"}
{"level":"info","message":"MongoDB connected successfully","timestamp":"2025-05-16T10:59:29.823Z"}
{"level":"info","message":"Server running on port 3050 in production mode","timestamp":"2025-05-16T11:00:13.101Z"}
{"level":"info","message":"MongoDB connected successfully","timestamp":"2025-05-16T11:00:13.693Z"}
{"level":"info","message":"Server running on port 3050 in production mode","timestamp":"2025-05-16T11:06:04.295Z"}
{"level":"info","message":"MongoDB connected successfully","timestamp":"2025-05-16T11:06:05.086Z"}
{"level":"info","message":"Server running on port 3050 in production mode","timestamp":"2025-05-16T11:22:24.175Z"}
{"level":"info","message":"MongoDB connected successfully","timestamp":"2025-05-16T11:22:24.928Z"}
{"level":"info","message":"Server running on port 3050 in production mode","timestamp":"2025-05-16T11:26:45.787Z"}
{"level":"info","message":"MongoDB connected successfully","timestamp":"2025-05-16T11:26:46.634Z"}
{"level":"info","message":"Server running on port 3050 in production mode","timestamp":"2025-05-16T11:27:10.945Z"}
{"level":"info","message":"MongoDB connected successfully","timestamp":"2025-05-16T11:27:11.581Z"}
{"level":"info","message":"Server running on port 3050 in production mode","timestamp":"2025-05-16T11:39:13.903Z"}
{"level":"info","message":"MongoDB connected successfully","timestamp":"2025-05-16T11:39:14.904Z"}
{"level":"info","message":"Server running on port 3050 in production mode","timestamp":"2025-05-16T11:40:14.440Z"}
{"level":"info","message":"MongoDB connected successfully","timestamp":"2025-05-16T11:40:16.196Z"}
{"level":"info","message":"Server running on port 3050 in production mode","timestamp":"2025-05-16T11:41:15.320Z"}
{"level":"info","message":"MongoDB connected successfully","timestamp":"2025-05-16T11:41:16.002Z"}
{"level":"info","message":"Server running on port 3050 in production mode","timestamp":"2025-05-16T11:44:03.638Z"}
{"level":"info","message":"MongoDB connected successfully","timestamp":"2025-05-16T11:44:04.358Z"}
{"level":"info","message":"Server running on port 3050 in production mode","timestamp":"2025-05-16T11:44:34.494Z"}
{"level":"info","message":"MongoDB connected successfully","timestamp":"2025-05-16T11:44:35.073Z"}
{"level":"info","message":"Server running on port 3050 in production mode","timestamp":"2025-05-16T11:46:59.655Z"}
{"level":"info","message":"MongoDB connected successfully","timestamp":"2025-05-16T11:47:00.219Z"}
{"level":"info","message":"Server running on port 3050 in production mode","timestamp":"2025-05-16T13:01:59.637Z"}
{"level":"info","message":"MongoDB connected successfully","timestamp":"2025-05-16T13:02:00.300Z"}
{"level":"info","message":"Server running on port 3050 in production mode","timestamp":"2025-05-16T14:13:40.223Z"}
{"level":"info","message":"MongoDB connected successfully","timestamp":"2025-05-16T14:13:40.840Z"}
{"level":"info","message":"Server running on port 3050 in production mode","timestamp":"2025-05-16T14:18:19.441Z"}
{"level":"info","message":"MongoDB connected successfully","timestamp":"2025-05-16T14:18:19.983Z"}
{"level":"info","message":"Server running on port 3050 in production mode","timestamp":"2025-05-16T14:47:17.174Z"}
{"level":"info","message":"MongoDB connected successfully","timestamp":"2025-05-16T14:47:17.634Z"}
{"level":"info","message":"Server running on port 3050 in production mode","timestamp":"2025-05-16T14:48:52.941Z"}
{"level":"info","message":"MongoDB connected successfully","timestamp":"2025-05-16T14:48:53.606Z"}
{"level":"info","message":"Server running on port 3050 in production mode","timestamp":"2025-05-16T14:50:21.411Z"}
{"level":"info","message":"MongoDB connected successfully","timestamp":"2025-05-16T14:50:21.905Z"}
{"level":"info","message":"Server running on port 3050 in production mode","timestamp":"2025-05-16T14:50:40.772Z"}
{"level":"info","message":"MongoDB connected successfully","timestamp":"2025-05-16T14:50:42.257Z"}
{"level":"info","message":"Server running on port 3050 in production mode","timestamp":"2025-05-16T14:51:01.331Z"}
{"level":"info","message":"MongoDB connected successfully","timestamp":"2025-05-16T14:51:02.824Z"}
{"level":"info","message":"Server running on port 3050 in production mode","timestamp":"2025-05-16T15:09:56.930Z"}
{"level":"info","message":"MongoDB connected successfully","timestamp":"2025-05-16T15:09:57.645Z"}
{"level":"info","message":"Server running on port 3050 in production mode","timestamp":"2025-05-16T15:21:59.507Z"}
{"level":"info","message":"MongoDB connected successfully","timestamp":"2025-05-16T15:22:00.578Z"}
{"level":"info","message":"Server running on port 3050 in production mode","timestamp":"2025-05-16T15:22:54.073Z"}
{"code":"ECONNREFUSED","hostname":"_mongodb._tcp.voyageiq.88ydvvm.mongodb.net","level":"error","message":"MongoDB connection error: querySrv ECONNREFUSED _mongodb._tcp.voyageiq.88ydvvm.mongodb.net","stack":"Error: querySrv ECONNREFUSED _mongodb._tcp.voyageiq.88ydvvm.mongodb.net\n    at QueryReqWrap.onresolve [as oncomplete] (node:internal/dns/promises:293:17)","syscall":"querySrv","timestamp":"2025-05-16T15:23:13.489Z"}
{"level":"info","message":"Server running on port 3050 in production mode","timestamp":"2025-05-16T16:31:26.451Z"}
{"level":"info","message":"MongoDB connected successfully","timestamp":"2025-05-16T16:31:27.183Z"}
{"level":"info","message":"Server running on port 3050 in production mode","timestamp":"2025-05-16T16:38:15.706Z"}
{"level":"info","message":"MongoDB connected successfully","timestamp":"2025-05-16T16:38:16.416Z"}
{"level":"error","message":"MongoDB connection error: Could not connect to any servers in your MongoDB Atlas cluster. One common reason is that you're trying to access the database from an IP that isn't whitelisted. Make sure your current IP address is on your Atlas cluster's IP whitelist: https://www.mongodb.com/docs/atlas/security-whitelist/","timestamp":"2025-05-17T06:32:58.613Z"}
{"level":"error","message":"MongoDB connection error: Could not connect to any servers in your MongoDB Atlas cluster. One common reason is that you're trying to access the database from an IP that isn't whitelisted. Make sure your current IP address is on your Atlas cluster's IP whitelist: https://www.mongodb.com/docs/atlas/security-whitelist/","timestamp":"2025-05-17T06:35:19.276Z"}
{"level":"error","message":"MongoDB connection error: Could not connect to any servers in your MongoDB Atlas cluster. One common reason is that you're trying to access the database from an IP that isn't whitelisted. Make sure your current IP address is on your Atlas cluster's IP whitelist: https://www.mongodb.com/docs/atlas/security-whitelist/","timestamp":"2025-05-17T06:37:51.130Z"}
{"level":"info","message":"MongoDB Connected: localhost","timestamp":"2025-05-17T06:39:26.064Z"}
{"level":"info","message":"MongoDB Connected: localhost","timestamp":"2025-05-17T06:40:01.696Z"}
{"level":"info","message":"MongoDB Connected: localhost","timestamp":"2025-05-17T06:40:52.130Z"}
{"level":"error","message":"MongoDB connection error: Could not connect to any servers in your MongoDB Atlas cluster. One common reason is that you're trying to access the database from an IP that isn't whitelisted. Make sure your current IP address is on your Atlas cluster's IP whitelist: https://www.mongodb.com/docs/atlas/security-whitelist/","timestamp":"2025-05-17T06:41:31.303Z"}
{"level":"info","message":"MongoDB Connected: ac-mwu8y9z-shard-00-02.88ydvvm.mongodb.net","timestamp":"2025-05-17T06:48:59.662Z"}
{"level":"error","message":"MongoDB connection error: Could not connect to any servers in your MongoDB Atlas cluster. One common reason is that you're trying to access the database from an IP that isn't whitelisted. Make sure your current IP address is on your Atlas cluster's IP whitelist: https://www.mongodb.com/docs/atlas/security-whitelist/","timestamp":"2025-05-17T06:50:57.482Z"}
{"level":"info","message":"MongoDB Connected: ac-mwu8y9z-shard-00-00.88ydvvm.mongodb.net","timestamp":"2025-05-17T06:51:50.865Z"}
{"level":"error","message":"MongoDB connection error: Could not connect to any servers in your MongoDB Atlas cluster. One common reason is that you're trying to access the database from an IP that isn't whitelisted. Make sure your current IP address is on your Atlas cluster's IP whitelist: https://www.mongodb.com/docs/atlas/security-whitelist/","timestamp":"2025-05-17T06:56:49.424Z"}
{"level":"error","message":"MongoDB connection error: Could not connect to any servers in your MongoDB Atlas cluster. One common reason is that you're trying to access the database from an IP that isn't whitelisted. Make sure your current IP address is on your Atlas cluster's IP whitelist: https://www.mongodb.com/docs/atlas/security-whitelist/","timestamp":"2025-05-17T06:57:35.555Z"}
{"level":"error","message":"MongoDB connection error: Could not connect to any servers in your MongoDB Atlas cluster. One common reason is that you're trying to access the database from an IP that isn't whitelisted. Make sure your current IP address is on your Atlas cluster's IP whitelist: https://www.mongodb.com/docs/atlas/security-whitelist/","timestamp":"2025-05-17T06:57:43.241Z"}
{"level":"info","message":"MongoDB Connected: ac-mwu8y9z-shard-00-01.88ydvvm.mongodb.net","timestamp":"2025-05-17T06:59:04.049Z"}
{"level":"info","message":"MongoDB Connected: ac-mwu8y9z-shard-00-00.88ydvvm.mongodb.net","timestamp":"2025-05-17T06:59:04.050Z"}
{"level":"info","message":"Server running on port 3050 in production mode","timestamp":"2025-05-17T06:59:04.068Z"}
{"level":"info","message":"MongoDB Connected: ac-mwu8y9z-shard-00-00.88ydvvm.mongodb.net","timestamp":"2025-05-17T06:59:13.535Z"}
